Build started 3/28/2010 8:37:54 PM.
     1>Project "C:\Users\kuang\workspace\splane\common\zlib-1.2.4\projects\visualc6\zlib.vcxproj" on node 2 (rebuild target(s)).
     1>InitializeBuildStatus:
         Creating ".\Win32_LIB_Debug\zlib.unsuccessfulbuild" because "AlwaysCreate" was specified.
       ClCompile:
         C:\Program Files (x86)\Microsoft Visual Studio 10.0\VC\bin\x86_amd64\CL.exe /c /Zi /nologo /W3 /WX- /Od /D WIN32 /D _CRT_SECURE_NO_DEPRECATE /D _CRT_NONSTDC_NO_DEPRECATE /D _DEBUG /D _VC80_UPGRADE=0x0600 /Gm- /EHsc /RTC1 /MDd /GS /Gy- /fp:precise /Zc:wchar_t /Zc:forScope /Fo".\Win32_LIB_Debug\\" /Fd".\Win32_LIB_Debug\vc100.pdb" /FR".\Win32_LIB_Debug\\" /Gd /TC /errorReport:prompt ..\..\adler32.c ..\..\compress.c ..\..\crc32.c ..\..\deflate.c ..\..\gzclose.c ..\..\gzlib.c ..\..\gzread.c ..\..\gzwrite.c ..\..\infback.c ..\..\inffast.c ..\..\inflate.c ..\..\inftrees.c ..\..\trees.c ..\..\uncompr.c ..\..\zutil.c
         adler32.c
         compress.c
         crc32.c
         deflate.c
         gzclose.c
         gzlib.c
         gzread.c
         gzwrite.c
         infback.c
         inffast.c
         inflate.c
         inftrees.c
         trees.c
         uncompr.c
         zutil.c
         Generating Code...
       ResourceCompile:
         C:\Program Files (x86)\Microsoft SDKs\Windows\v7.0A\bin\rc.exe /D _DEBUG /D _VC80_UPGRADE=0x0600 /l"0x0409" /I"\Users\kuang\workspace\splane\common\zlib-1.2.4\win32" /nologo /fo".\Win32_LIB_Debug\zlib1.res" ..\..\win32\zlib1.rc 
     1>C:\Program Files (x86)\MSBuild\Microsoft.Cpp\v4.0\Microsoft.CppBuild.targets(1150,5): warning MSB8012: TargetPath(C:\Users\kuang\workspace\splane\common\zlib-1.2.4\projects\visualc6\.\Win32_LIB_Debug\zlib.lib) does not match the Library's OutputFile property value (C:\Users\kuang\workspace\splane\common\zlib-1.2.4\projects\visualc6\Win32_LIB_Debug\zlibd.lib). This may cause your project to build incorrectly. To correct this, please make sure that $(OutDir), $(TargetName) and $(TargetExt) property values match the value specified in %(Lib.OutputFile).
     1>C:\Program Files (x86)\MSBuild\Microsoft.Cpp\v4.0\Microsoft.CppBuild.targets(1152,5): warning MSB8012: TargetName(zlib) does not match the Library's OutputFile property value (zlibd). This may cause your project to build incorrectly. To correct this, please make sure that $(OutDir), $(TargetName) and $(TargetExt) property values match the value specified in %(Lib.OutputFile).
       Lib:
         C:\Program Files (x86)\Microsoft Visual Studio 10.0\VC\bin\x86_amd64\Lib.exe /OUT:"Win32_LIB_Debug\zlibd.lib" /NOLOGO .\Win32_LIB_Debug\zlib1.res
         .\Win32_LIB_Debug\adler32.obj
         .\Win32_LIB_Debug\compress.obj
         .\Win32_LIB_Debug\crc32.obj
         .\Win32_LIB_Debug\deflate.obj
         .\Win32_LIB_Debug\gzclose.obj
         .\Win32_LIB_Debug\gzlib.obj
         .\Win32_LIB_Debug\gzread.obj
         .\Win32_LIB_Debug\gzwrite.obj
         .\Win32_LIB_Debug\infback.obj
         .\Win32_LIB_Debug\inffast.obj
         .\Win32_LIB_Debug\inflate.obj
         .\Win32_LIB_Debug\inftrees.obj
         .\Win32_LIB_Debug\trees.obj
         .\Win32_LIB_Debug\uncompr.obj
         .\Win32_LIB_Debug\zutil.obj
     1>LINK : warning LNK4068: /MACHINE not specified; defaulting to X86
     1>.\Win32_LIB_Debug\adler32.obj : fatal error LNK1112: module machine type 'x64' conflicts with target machine type 'X86'
     1>Done Building Project "C:\Users\kuang\workspace\splane\common\zlib-1.2.4\projects\visualc6\zlib.vcxproj" (rebuild target(s)) -- FAILED.

Build FAILED.

Time Elapsed 00:00:01.00
