Build started 3/30/2010 9:31:19 PM.
     1>Project "C:\Users\kuang\workspace\splane\common\zlib-1.2.4\projects\visualc6\zlib.vcxproj" on node 3 (build target(s)).
     1>PrepareForBuild:
         Creating directory "C:\Users\kuang\workspace\splane\LIB Release\".
       InitializeBuildStatus:
         Creating "LIB Release\zlib.unsuccessfulbuild" because "AlwaysCreate" was specified.
       MakeDirsForCl:
         Creating directory "C:\Users\kuang\workspace\splane\common\zlib-1.2.4\projects\visualc6\.\Win32_LIB_Release".
       ClCompile:
         C:\Program Files (x86)\Microsoft Visual Studio 10.0\VC\bin\CL.exe /c /Zi /nologo /W3 /WX- /O2 /Ob1 /Oy- /D WIN32 /D _CRT_SECURE_NO_DEPRECATE /D _CRT_NONSTDC_NO_DEPRECATE /D NDEBUG /D _VC80_UPGRADE=0x0600 /GF /Gm- /EHsc /MD /GS /Gy /fp:precise /Zc:wchar_t /Zc:forScope /Fo".\Win32_LIB_Release\\" /Fd".\Win32_LIB_Release\vc100.pdb" /Gd /TC /analyze- /errorReport:prompt ..\..\adler32.c ..\..\compress.c ..\..\crc32.c ..\..\deflate.c ..\..\gzclose.c ..\..\gzlib.c ..\..\gzread.c ..\..\gzwrite.c ..\..\infback.c ..\..\inffast.c ..\..\inflate.c ..\..\inftrees.c ..\..\trees.c ..\..\uncompr.c ..\..\zutil.c
         adler32.c
         compress.c
         crc32.c
         deflate.c
         gzclose.c
         gzlib.c
         gzread.c
         gzwrite.c
         infback.c
         inffast.c
         inflate.c
         inftrees.c
         trees.c
         uncompr.c
         zutil.c
         Generating Code...
       ResourceCompile:
         C:\Program Files (x86)\Microsoft SDKs\Windows\v7.0A\bin\rc.exe /D NDEBUG /D _VC80_UPGRADE=0x0600 /l"0x0409" /I"\Users\kuang\workspace\splane\common\zlib-1.2.4\win32" /nologo /fo"LIB Release\zlib1.res" ..\..\win32\zlib1.rc 
     1>C:\Program Files (x86)\MSBuild\Microsoft.Cpp\v4.0\Microsoft.CppBuild.targets(1150,5): warning MSB8012: TargetPath(C:\Users\kuang\workspace\splane\LIB Release\zlib.lib) does not match the Library's OutputFile property value (C:\Users\kuang\workspace\splane\common\zlib-1.2.4\projects\visualc6\Win32_LIB_Release\zlib.lib). This may cause your project to build incorrectly. To correct this, please make sure that $(OutDir), $(TargetName) and $(TargetExt) property values match the value specified in %(Lib.OutputFile).
       Lib:
         C:\Program Files (x86)\Microsoft Visual Studio 10.0\VC\bin\Lib.exe /OUT:".\Win32_LIB_Release\zlib.lib" /NOLOGO "LIB Release\zlib1.res"
         .\Win32_LIB_Release\adler32.obj
         .\Win32_LIB_Release\compress.obj
         .\Win32_LIB_Release\crc32.obj
         .\Win32_LIB_Release\deflate.obj
         .\Win32_LIB_Release\gzclose.obj
         .\Win32_LIB_Release\gzlib.obj
         .\Win32_LIB_Release\gzread.obj
         .\Win32_LIB_Release\gzwrite.obj
         .\Win32_LIB_Release\infback.obj
         .\Win32_LIB_Release\inffast.obj
         .\Win32_LIB_Release\inflate.obj
         .\Win32_LIB_Release\inftrees.obj
         .\Win32_LIB_Release\trees.obj
         .\Win32_LIB_Release\uncompr.obj
         .\Win32_LIB_Release\zutil.obj
     1>LINK : warning LNK4068: /MACHINE not specified; defaulting to X86
         zlib.vcxproj -> C:\Users\kuang\workspace\splane\LIB Release\zlib.lib
       FinalizeBuildStatus:
         Deleting file "LIB Release\zlib.unsuccessfulbuild".
         Touching "LIB Release\zlib.lastbuildstate".
     1>Done Building Project "C:\Users\kuang\workspace\splane\common\zlib-1.2.4\projects\visualc6\zlib.vcxproj" (build target(s)).

Build succeeded.

Time Elapsed 00:00:04.72
