C:\USERS\KUANG\WORKSPACE\SPLANE\COMMON\ZLIB-1.2.4\PROJECTS\VISUALC6\WIN32_LIB_DEBUG\ADLER32.OBJ
C:\USERS\KUANG\WORKSPACE\SPLANE\COMMON\ZLIB-1.2.4\PROJECTS\VISUALC6\WIN32_LIB_DEBUG\COMPRESS.OBJ
C:\USERS\KUANG\WORKSPACE\SPLANE\COMMON\ZLIB-1.2.4\PROJECTS\VISUALC6\WIN32_LIB_DEBUG\CRC32.OBJ
C:\USERS\KUANG\WORKSPACE\SPLANE\COMMON\ZLIB-1.2.4\PROJECTS\VISUALC6\WIN32_LIB_DEBUG\DEFLATE.OBJ
C:\USERS\KUANG\WORKSPACE\SPLANE\COMMON\ZLIB-1.2.4\PROJECTS\VISUALC6\WIN32_LIB_DEBUG\GZCLOSE.OBJ
C:\USERS\KUANG\WORKSPACE\SPLANE\COMMON\ZLIB-1.2.4\PROJECTS\VISUALC6\WIN32_LIB_DEBUG\GZLIB.OBJ
C:\USERS\KUANG\WORKSPACE\SPLANE\COMMON\ZLIB-1.2.4\PROJECTS\VISUALC6\WIN32_LIB_DEBUG\GZREAD.OBJ
C:\USERS\KUANG\WORKSPACE\SPLANE\COMMON\ZLIB-1.2.4\PROJECTS\VISUALC6\WIN32_LIB_DEBUG\GZWRITE.OBJ
C:\USERS\KUANG\WORKSPACE\SPLANE\COMMON\ZLIB-1.2.4\PROJECTS\VISUALC6\WIN32_LIB_DEBUG\INFBACK.OBJ
C:\USERS\KUANG\WORKSPACE\SPLANE\COMMON\ZLIB-1.2.4\PROJECTS\VISUALC6\WIN32_LIB_DEBUG\INFFAST.OBJ
C:\USERS\KUANG\WORKSPACE\SPLANE\COMMON\ZLIB-1.2.4\PROJECTS\VISUALC6\WIN32_LIB_DEBUG\INFLATE.OBJ
C:\USERS\KUANG\WORKSPACE\SPLANE\COMMON\ZLIB-1.2.4\PROJECTS\VISUALC6\WIN32_LIB_DEBUG\INFTREES.OBJ
C:\USERS\KUANG\WORKSPACE\SPLANE\COMMON\ZLIB-1.2.4\PROJECTS\VISUALC6\WIN32_LIB_DEBUG\TREES.OBJ
C:\USERS\KUANG\WORKSPACE\SPLANE\COMMON\ZLIB-1.2.4\PROJECTS\VISUALC6\WIN32_LIB_DEBUG\UNCOMPR.OBJ
C:\USERS\KUANG\WORKSPACE\SPLANE\COMMON\ZLIB-1.2.4\PROJECTS\VISUALC6\WIN32_LIB_DEBUG\VC100.PDB
C:\USERS\KUANG\WORKSPACE\SPLANE\COMMON\ZLIB-1.2.4\PROJECTS\VISUALC6\WIN32_LIB_DEBUG\ZLIB.BSC
C:\USERS\KUANG\WORKSPACE\SPLANE\COMMON\ZLIB-1.2.4\PROJECTS\VISUALC6\WIN32_LIB_DEBUG\ZLIBD.LIB
C:\USERS\KUANG\WORKSPACE\SPLANE\COMMON\ZLIB-1.2.4\PROJECTS\VISUALC6\WIN32_LIB_DEBUG\ZUTIL.OBJ
C:\USERS\KUANG\WORKSPACE\SPLANE\COMMON\ZLIB-1.2.4\PROJECTS\VISUALC6\X64\LIB DEBUG\ADLER32.SBR
C:\Users\kuang\workspace\splane\common\zlib-1.2.4\projects\visualc6\x64\LIB Debug\BscMake.command.1.tlog
C:\Users\kuang\workspace\splane\common\zlib-1.2.4\projects\visualc6\x64\LIB Debug\bscmake.read.1.tlog
C:\Users\kuang\workspace\splane\common\zlib-1.2.4\projects\visualc6\x64\LIB Debug\bscmake.write.1.tlog
C:\Users\kuang\workspace\splane\common\zlib-1.2.4\projects\visualc6\x64\LIB Debug\cl.command.1.tlog
C:\Users\kuang\workspace\splane\common\zlib-1.2.4\projects\visualc6\x64\LIB Debug\CL.read.1.tlog
C:\Users\kuang\workspace\splane\common\zlib-1.2.4\projects\visualc6\x64\LIB Debug\CL.write.1.tlog
C:\USERS\KUANG\WORKSPACE\SPLANE\COMMON\ZLIB-1.2.4\PROJECTS\VISUALC6\X64\LIB DEBUG\COMPRESS.SBR
C:\USERS\KUANG\WORKSPACE\SPLANE\COMMON\ZLIB-1.2.4\PROJECTS\VISUALC6\X64\LIB DEBUG\CRC32.SBR
C:\USERS\KUANG\WORKSPACE\SPLANE\COMMON\ZLIB-1.2.4\PROJECTS\VISUALC6\X64\LIB DEBUG\DEFLATE.SBR
C:\USERS\KUANG\WORKSPACE\SPLANE\COMMON\ZLIB-1.2.4\PROJECTS\VISUALC6\X64\LIB DEBUG\GZCLOSE.SBR
C:\USERS\KUANG\WORKSPACE\SPLANE\COMMON\ZLIB-1.2.4\PROJECTS\VISUALC6\X64\LIB DEBUG\GZLIB.SBR
C:\USERS\KUANG\WORKSPACE\SPLANE\COMMON\ZLIB-1.2.4\PROJECTS\VISUALC6\X64\LIB DEBUG\GZREAD.SBR
C:\USERS\KUANG\WORKSPACE\SPLANE\COMMON\ZLIB-1.2.4\PROJECTS\VISUALC6\X64\LIB DEBUG\GZWRITE.SBR
C:\USERS\KUANG\WORKSPACE\SPLANE\COMMON\ZLIB-1.2.4\PROJECTS\VISUALC6\X64\LIB DEBUG\INFBACK.SBR
C:\USERS\KUANG\WORKSPACE\SPLANE\COMMON\ZLIB-1.2.4\PROJECTS\VISUALC6\X64\LIB DEBUG\INFFAST.SBR
C:\USERS\KUANG\WORKSPACE\SPLANE\COMMON\ZLIB-1.2.4\PROJECTS\VISUALC6\X64\LIB DEBUG\INFLATE.SBR
C:\USERS\KUANG\WORKSPACE\SPLANE\COMMON\ZLIB-1.2.4\PROJECTS\VISUALC6\X64\LIB DEBUG\INFTREES.SBR
C:\Users\kuang\workspace\splane\common\zlib-1.2.4\projects\visualc6\x64\LIB Debug\lib.command.1.tlog
C:\Users\kuang\workspace\splane\common\zlib-1.2.4\projects\visualc6\x64\LIB Debug\Lib-link.read.1.tlog
C:\Users\kuang\workspace\splane\common\zlib-1.2.4\projects\visualc6\x64\LIB Debug\Lib-link.write.1.tlog
C:\Users\kuang\workspace\splane\common\zlib-1.2.4\projects\visualc6\x64\LIB Debug\Lib-link-cvtres.read.1.tlog
C:\Users\kuang\workspace\splane\common\zlib-1.2.4\projects\visualc6\x64\LIB Debug\Lib-link-cvtres.write.1.tlog
C:\Users\kuang\workspace\splane\common\zlib-1.2.4\projects\visualc6\x64\LIB Debug\rc.command.1.tlog
C:\Users\kuang\workspace\splane\common\zlib-1.2.4\projects\visualc6\x64\LIB Debug\rc.read.1.tlog
C:\Users\kuang\workspace\splane\common\zlib-1.2.4\projects\visualc6\x64\LIB Debug\rc.write.1.tlog
C:\USERS\KUANG\WORKSPACE\SPLANE\COMMON\ZLIB-1.2.4\PROJECTS\VISUALC6\X64\LIB DEBUG\TREES.SBR
C:\USERS\KUANG\WORKSPACE\SPLANE\COMMON\ZLIB-1.2.4\PROJECTS\VISUALC6\X64\LIB DEBUG\UNCOMPR.SBR
C:\USERS\KUANG\WORKSPACE\SPLANE\COMMON\ZLIB-1.2.4\PROJECTS\VISUALC6\X64\LIB DEBUG\ZLIB1.RES
C:\USERS\KUANG\WORKSPACE\SPLANE\COMMON\ZLIB-1.2.4\PROJECTS\VISUALC6\X64\LIB DEBUG\ZUTIL.SBR
