C:\USERS\KUANG\WORKSPACE\SPLANE\COMMON\ZLIB-1.2.4\PROJECTS\VISUALC6\X64\TEMPLATE\ADLER32.OBJ
C:\Users\kuang\workspace\Splane\common\zlib-1.2.4\projects\visualc6\x64\Template\cl.command.1.tlog
C:\Users\kuang\workspace\Splane\common\zlib-1.2.4\projects\visualc6\x64\Template\CL.read.1.tlog
C:\Users\kuang\workspace\Splane\common\zlib-1.2.4\projects\visualc6\x64\Template\CL.write.1.tlog
C:\USERS\KUANG\WORKSPACE\SPLANE\COMMON\ZLIB-1.2.4\PROJECTS\VISUALC6\X64\TEMPLATE\COMPRESS.OBJ
C:\USERS\KUANG\WORKSPACE\SPLANE\COMMON\ZLIB-1.2.4\PROJECTS\VISUALC6\X64\TEMPLATE\CRC32.OBJ
C:\USERS\KUANG\WORKSPACE\SPLANE\COMMON\ZLIB-1.2.4\PROJECTS\VISUALC6\X64\TEMPLATE\DEFLATE.OBJ
C:\USERS\KUANG\WORKSPACE\SPLANE\COMMON\ZLIB-1.2.4\PROJECTS\VISUALC6\X64\TEMPLATE\GZCLOSE.OBJ
C:\USERS\KUANG\WORKSPACE\SPLANE\COMMON\ZLIB-1.2.4\PROJECTS\VISUALC6\X64\TEMPLATE\GZLIB.OBJ
C:\USERS\KUANG\WORKSPACE\SPLANE\COMMON\ZLIB-1.2.4\PROJECTS\VISUALC6\X64\TEMPLATE\GZREAD.OBJ
C:\USERS\KUANG\WORKSPACE\SPLANE\COMMON\ZLIB-1.2.4\PROJECTS\VISUALC6\X64\TEMPLATE\GZWRITE.OBJ
C:\USERS\KUANG\WORKSPACE\SPLANE\COMMON\ZLIB-1.2.4\PROJECTS\VISUALC6\X64\TEMPLATE\INFBACK.OBJ
C:\USERS\KUANG\WORKSPACE\SPLANE\COMMON\ZLIB-1.2.4\PROJECTS\VISUALC6\X64\TEMPLATE\INFFAST.OBJ
C:\USERS\KUANG\WORKSPACE\SPLANE\COMMON\ZLIB-1.2.4\PROJECTS\VISUALC6\X64\TEMPLATE\INFLATE.OBJ
C:\USERS\KUANG\WORKSPACE\SPLANE\COMMON\ZLIB-1.2.4\PROJECTS\VISUALC6\X64\TEMPLATE\INFTREES.OBJ
C:\Users\kuang\workspace\Splane\common\zlib-1.2.4\projects\visualc6\x64\Template\lib.command.1.tlog
C:\Users\kuang\workspace\Splane\common\zlib-1.2.4\projects\visualc6\x64\Template\Lib-link.5612.read.1.tlog
C:\Users\kuang\workspace\Splane\common\zlib-1.2.4\projects\visualc6\x64\Template\Lib-link.5612.write.1.tlog
C:\Users\kuang\workspace\Splane\common\zlib-1.2.4\projects\visualc6\x64\Template\Lib-link.5612-cvtres.read.1.tlog
C:\Users\kuang\workspace\Splane\common\zlib-1.2.4\projects\visualc6\x64\Template\Lib-link.5612-cvtres.write.1.tlog
C:\Users\kuang\workspace\Splane\common\zlib-1.2.4\projects\visualc6\x64\Template\Lib-link.read.1.tlog
C:\Users\kuang\workspace\Splane\common\zlib-1.2.4\projects\visualc6\x64\Template\Lib-link.write.1.tlog
C:\Users\kuang\workspace\Splane\common\zlib-1.2.4\projects\visualc6\x64\Template\Lib-link-cvtres.read.1.tlog
C:\Users\kuang\workspace\Splane\common\zlib-1.2.4\projects\visualc6\x64\Template\Lib-link-cvtres.write.1.tlog
C:\Users\kuang\workspace\Splane\common\zlib-1.2.4\projects\visualc6\x64\Template\rc.command.1.tlog
C:\Users\kuang\workspace\Splane\common\zlib-1.2.4\projects\visualc6\x64\Template\rc.read.1.tlog
C:\Users\kuang\workspace\Splane\common\zlib-1.2.4\projects\visualc6\x64\Template\rc.write.1.tlog
C:\USERS\KUANG\WORKSPACE\SPLANE\COMMON\ZLIB-1.2.4\PROJECTS\VISUALC6\X64\TEMPLATE\TREES.OBJ
C:\USERS\KUANG\WORKSPACE\SPLANE\COMMON\ZLIB-1.2.4\PROJECTS\VISUALC6\X64\TEMPLATE\UNCOMPR.OBJ
C:\USERS\KUANG\WORKSPACE\SPLANE\COMMON\ZLIB-1.2.4\PROJECTS\VISUALC6\X64\TEMPLATE\VC100.PDB
C:\USERS\KUANG\WORKSPACE\SPLANE\COMMON\ZLIB-1.2.4\PROJECTS\VISUALC6\X64\TEMPLATE\ZLIB1.RES
C:\USERS\KUANG\WORKSPACE\SPLANE\COMMON\ZLIB-1.2.4\PROJECTS\VISUALC6\X64\TEMPLATE\ZUTIL.OBJ
C:\USERS\KUANG\WORKSPACE\SPLANE\X64\TEMPLATE\ZLIB.LIB
