Build started 6/2/2010 12:52:30 AM.
     1>Project "C:\Users\kuang\workspace\Splane\common\zlib-1.2.4\projects\visualc6\zlib.vcxproj" on node 3 (rebuild target(s)).
     1>InitializeBuildStatus:
         Creating "x64\Template\zlib.unsuccessfulbuild" because "AlwaysCreate" was specified.
       ClCompile:
         C:\Program Files (x86)\Microsoft Visual Studio 10.0\VC\bin\x86_amd64\CL.exe /c /Zi /nologo /W1 /WX- /Ox /Ob2 /Oi /Oy /GT /GL /Gm- /EHsc /MT /GS /fp:precise /Zc:wchar_t /Zc:forScope /Fo"x64\Template\\" /Fd"x64\Template\vc100.pdb" /Gd /TC /errorReport:prompt ..\..\adler32.c ..\..\compress.c ..\..\crc32.c ..\..\deflate.c ..\..\gzclose.c ..\..\gzlib.c ..\..\gzread.c ..\..\gzwrite.c ..\..\infback.c ..\..\inffast.c ..\..\inflate.c ..\..\inftrees.c ..\..\trees.c ..\..\uncompr.c ..\..\zutil.c
         adler32.c
         compress.c
         crc32.c
         deflate.c
         gzclose.c
         gzlib.c
         gzread.c
         gzwrite.c
         infback.c
         inffast.c
         inflate.c
         inftrees.c
         trees.c
         uncompr.c
         zutil.c
       ResourceCompile:
         C:\Program Files (x86)\Microsoft SDKs\Windows\v7.0A\bin\rc.exe /l"0x0409" /nologo /fo"x64\Template\zlib1.res" ..\..\win32\zlib1.rc 
       Lib:
         C:\Program Files (x86)\Microsoft Visual Studio 10.0\VC\bin\x86_amd64\Lib.exe /OUT:"C:\Users\kuang\workspace\Splane\x64\Template\zlib.lib" /NOLOGO /MACHINE:X64 x64\Template\zlib1.res
         x64\Template\adler32.obj
         x64\Template\compress.obj
         x64\Template\crc32.obj
         x64\Template\deflate.obj
         x64\Template\gzclose.obj
         x64\Template\gzlib.obj
         x64\Template\gzread.obj
         x64\Template\gzwrite.obj
         x64\Template\infback.obj
         x64\Template\inffast.obj
         x64\Template\inflate.obj
         x64\Template\inftrees.obj
         x64\Template\trees.obj
         x64\Template\uncompr.obj
         x64\Template\zutil.obj
         zutil.obj : MSIL .netmodule or module compiled with /GL found; restarting link with /LTCG; add /LTCG to the link command line to improve linker performance
         zlib.vcxproj -> C:\Users\kuang\workspace\Splane\x64\Template\zlib.lib
       FinalizeBuildStatus:
         Deleting file "x64\Template\zlib.unsuccessfulbuild".
         Touching "x64\Template\zlib.lastbuildstate".
     1>Done Building Project "C:\Users\kuang\workspace\Splane\common\zlib-1.2.4\projects\visualc6\zlib.vcxproj" (rebuild target(s)).

Build succeeded.

Time Elapsed 00:00:00.98
